[2025-06-10 10:30:49] [INFO] === Starting Weekly Product Synchronization ===
[2025-06-10 13:30:49] [INFO] Classes initialized successfully
[2025-06-10 13:30:49] [INFO] Testing WooCommerce API connection...
[2025-06-10 13:30:52] [INFO] WooCommerce API connection successful
[2025-06-10 13:30:52] [INFO] Initial product count: 4845
[2025-06-10 13:30:52] [INFO] Starting product synchronization (incremental sync)...
[10-Jun-2025 13:30:52 Europe/Athens] PHP Fatal error:  Uncaught Error: Call to undefined method Sync::startSyncProducts() in /home/vakoufaris/public_html/stock.vakoufaris.com/includes/Sync.php:67
Stack trace:
#0 /home/vakoufaris/public_html/stock.vakoufaris.com/cron/weekly-sync.php(80): Sync->syncProducts(false)
#1 {main}
  thrown in /home/vakoufaris/public_html/stock.vakoufaris.com/includes/Sync.php on line 67
[2025-06-10 10:34:58] [INFO] === Starting Weekly Product Synchronization ===
[2025-06-10 13:34:58] [INFO] Classes initialized successfully
[2025-06-10 13:34:58] [INFO] Testing WooCommerce API connection...
[2025-06-10 13:35:00] [INFO] WooCommerce API connection successful
[2025-06-10 13:35:00] [INFO] Initial product count: 4845
[2025-06-10 13:35:00] [INFO] Starting product synchronization (incremental sync)...
[10-Jun-2025 13:35:03 Europe/Athens] WooCommerce API Request: https://vakoufaris.com/wp-json/wc/v3/products?per_page=50&page=1&status=publish&consumer_key=ck_536816afd00c1ef239dffedef68342bb7ae8b6bb&consumer_secret=cs_65dca7980530866472e13d2d192644fb9a9d8774
[10-Jun-2025 13:35:06 Europe/Athens] WooCommerce API Request: https://vakoufaris.com/wp-json/wc/v3/products?per_page=50&page=2&status=publish&consumer_key=ck_536816afd00c1ef239dffedef68342bb7ae8b6bb&consumer_secret=cs_65dca7980530866472e13d2d192644fb9a9d8774
[10-Jun-2025 13:35:08 Europe/Athens] WooCommerce API Error (HTTP 401): {"code":"woocommerce_rest_cannot_view","message":"\u039b\u03c5\u03c0\u03bf\u03cd\u03bc\u03b1\u03c3\u03c4\u03b5, \u03b4\u03b5 \u03bc\u03c0\u03bf\u03c1\u03b5\u03af\u03c4\u03b5 \u03bd\u03b1 \u03b5\u03bc\u03c6\u03b1\u03bd\u03af\u03c3\u03b5\u03c4\u03b5 \u03c4\u03bf\u03c5\u03c2 \u03c0\u03cc\u03c1\u03bf\u03c5\u03c2.","data":{"status":401}}
[10-Jun-2025 13:35:08 Europe/Athens] WooCommerce API Request: https://vakoufaris.com/wp-json/wc/v3/products?per_page=20&page=1&type=variable&status=publish&consumer_key=ck_536816afd00c1ef239dffedef68342bb7ae8b6bb&consumer_secret=cs_65dca7980530866472e13d2d192644fb9a9d8774
[10-Jun-2025 13:35:10 Europe/Athens] WooCommerce API Request: https://vakoufaris.com/wp-json/wc/v3/products/47437/variations?per_page=100&status=publish&consumer_key=ck_536816afd00c1ef239dffedef68342bb7ae8b6bb&consumer_secret=cs_65dca7980530866472e13d2d192644fb9a9d8774
[10-Jun-2025 13:35:11 Europe/Athens] WooCommerce API Request: https://vakoufaris.com/wp-json/wc/v3/products/46175/variations?per_page=100&status=publish&consumer_key=ck_536816afd00c1ef239dffedef68342bb7ae8b6bb&consumer_secret=cs_65dca7980530866472e13d2d192644fb9a9d8774
[10-Jun-2025 13:35:12 Europe/Athens] WooCommerce API Request: https://vakoufaris.com/wp-json/wc/v3/products/46166/variations?per_page=100&status=publish&consumer_key=ck_536816afd00c1ef239dffedef68342bb7ae8b6bb&consumer_secret=cs_65dca7980530866472e13d2d192644fb9a9d8774
[10-Jun-2025 13:35:14 Europe/Athens] WooCommerce API Request: https://vakoufaris.com/wp-json/wc/v3/products/45575/variations?per_page=100&status=publish&consumer_key=ck_536816afd00c1ef239dffedef68342bb7ae8b6bb&consumer_secret=cs_65dca7980530866472e13d2d192644fb9a9d8774
[10-Jun-2025 13:35:16 Europe/Athens] WooCommerce API Request: https://vakoufaris.com/wp-json/wc/v3/products/45535/variations?per_page=100&status=publish&consumer_key=ck_536816afd00c1ef239dffedef68342bb7ae8b6bb&consumer_secret=cs_65dca7980530866472e13d2d192644fb9a9d8774
[10-Jun-2025 13:35:17 Europe/Athens] WooCommerce API Request: https://vakoufaris.com/wp-json/wc/v3/products/45355/variations?per_page=100&status=publish&consumer_key=ck_536816afd00c1ef239dffedef68342bb7ae8b6bb&consumer_secret=cs_65dca7980530866472e13d2d192644fb9a9d8774
[10-Jun-2025 13:35:18 Europe/Athens] WooCommerce API Request: https://vakoufaris.com/wp-json/wc/v3/products/45342/variations?per_page=100&status=publish&consumer_key=ck_536816afd00c1ef239dffedef68342bb7ae8b6bb&consumer_secret=cs_65dca7980530866472e13d2d192644fb9a9d8774
[10-Jun-2025 13:35:19 Europe/Athens] WooCommerce API Request: https://vakoufaris.com/wp-json/wc/v3/products/45306/variations?per_page=100&status=publish&consumer_key=ck_536816afd00c1ef239dffedef68342bb7ae8b6bb&consumer_secret=cs_65dca7980530866472e13d2d192644fb9a9d8774
[10-Jun-2025 13:35:20 Europe/Athens] WooCommerce API Request: https://vakoufaris.com/wp-json/wc/v3/products/45249/variations?per_page=100&status=publish&consumer_key=ck_536816afd00c1ef239dffedef68342bb7ae8b6bb&consumer_secret=cs_65dca7980530866472e13d2d192644fb9a9d8774
[10-Jun-2025 13:35:22 Europe/Athens] WooCommerce API Request: https://vakoufaris.com/wp-json/wc/v3/products/45127/variations?per_page=100&status=publish&consumer_key=ck_536816afd00c1ef239dffedef68342bb7ae8b6bb&consumer_secret=cs_65dca7980530866472e13d2d192644fb9a9d8774
[10-Jun-2025 13:35:23 Europe/Athens] WooCommerce API Request: https://vakoufaris.com/wp-json/wc/v3/products/45067/variations?per_page=100&status=publish&consumer_key=ck_536816afd00c1ef239dffedef68342bb7ae8b6bb&consumer_secret=cs_65dca7980530866472e13d2d192644fb9a9d8774
[10-Jun-2025 13:35:24 Europe/Athens] WooCommerce API Request: https://vakoufaris.com/wp-json/wc/v3/products/45036/variations?per_page=100&status=publish&consumer_key=ck_536816afd00c1ef239dffedef68342bb7ae8b6bb&consumer_secret=cs_65dca7980530866472e13d2d192644fb9a9d8774
[10-Jun-2025 13:35:25 Europe/Athens] WooCommerce API Request: https://vakoufaris.com/wp-json/wc/v3/products/38223/variations?per_page=100&status=publish&consumer_key=ck_536816afd00c1ef239dffedef68342bb7ae8b6bb&consumer_secret=cs_65dca7980530866472e13d2d192644fb9a9d8774
[10-Jun-2025 13:35:26 Europe/Athens] WooCommerce API Request: https://vakoufaris.com/wp-json/wc/v3/products/37550/variations?per_page=100&status=publish&consumer_key=ck_536816afd00c1ef239dffedef68342bb7ae8b6bb&consumer_secret=cs_65dca7980530866472e13d2d192644fb9a9d8774
[10-Jun-2025 13:35:28 Europe/Athens] WooCommerce API Request: https://vakoufaris.com/wp-json/wc/v3/products/37539/variations?per_page=100&status=publish&consumer_key=ck_536816afd00c1ef239dffedef68342bb7ae8b6bb&consumer_secret=cs_65dca7980530866472e13d2d192644fb9a9d8774
[10-Jun-2025 13:35:30 Europe/Athens] WooCommerce API Request: https://vakoufaris.com/wp-json/wc/v3/products/37526/variations?per_page=100&status=publish&consumer_key=ck_536816afd00c1ef239dffedef68342bb7ae8b6bb&consumer_secret=cs_65dca7980530866472e13d2d192644fb9a9d8774
[10-Jun-2025 13:35:31 Europe/Athens] WooCommerce API Request: https://vakoufaris.com/wp-json/wc/v3/products/37511/variations?per_page=100&status=publish&consumer_key=ck_536816afd00c1ef239dffedef68342bb7ae8b6bb&consumer_secret=cs_65dca7980530866472e13d2d192644fb9a9d8774
[10-Jun-2025 13:35:32 Europe/Athens] WooCommerce API Request: https://vakoufaris.com/wp-json/wc/v3/products/37500/variations?per_page=100&status=publish&consumer_key=ck_536816afd00c1ef239dffedef68342bb7ae8b6bb&consumer_secret=cs_65dca7980530866472e13d2d192644fb9a9d8774
[10-Jun-2025 13:35:33 Europe/Athens] WooCommerce API Request: https://vakoufaris.com/wp-json/wc/v3/products/37011/variations?per_page=100&status=publish&consumer_key=ck_536816afd00c1ef239dffedef68342bb7ae8b6bb&consumer_secret=cs_65dca7980530866472e13d2d192644fb9a9d8774
[10-Jun-2025 13:35:35 Europe/Athens] WooCommerce API Request: https://vakoufaris.com/wp-json/wc/v3/products/33722/variations?per_page=100&status=publish&consumer_key=ck_536816afd00c1ef239dffedef68342bb7ae8b6bb&consumer_secret=cs_65dca7980530866472e13d2d192644fb9a9d8774
[10-Jun-2025 13:35:36 Europe/Athens] WooCommerce API Request: https://vakoufaris.com/wp-json/wc/v3/products?per_page=20&page=2&type=variable&status=publish&consumer_key=ck_536816afd00c1ef239dffedef68342bb7ae8b6bb&consumer_secret=cs_65dca7980530866472e13d2d192644fb9a9d8774
[10-Jun-2025 13:35:38 Europe/Athens] WooCommerce API Request: https://vakoufaris.com/wp-json/wc/v3/products/32225/variations?per_page=100&status=publish&consumer_key=ck_536816afd00c1ef239dffedef68342bb7ae8b6bb&consumer_secret=cs_65dca7980530866472e13d2d192644fb9a9d8774
[10-Jun-2025 13:35:39 Europe/Athens] WooCommerce API Request: https://vakoufaris.com/wp-json/wc/v3/products/32172/variations?per_page=100&status=publish&consumer_key=ck_536816afd00c1ef239dffedef68342bb7ae8b6bb&consumer_secret=cs_65dca7980530866472e13d2d192644fb9a9d8774
[10-Jun-2025 13:35:41 Europe/Athens] WooCommerce API Request: https://vakoufaris.com/wp-json/wc/v3/products/32005/variations?per_page=100&status=publish&consumer_key=ck_536816afd00c1ef239dffedef68342bb7ae8b6bb&consumer_secret=cs_65dca7980530866472e13d2d192644fb9a9d8774
[10-Jun-2025 13:35:42 Europe/Athens] WooCommerce API Request: https://vakoufaris.com/wp-json/wc/v3/products/31733/variations?per_page=100&status=publish&consumer_key=ck_536816afd00c1ef239dffedef68342bb7ae8b6bb&consumer_secret=cs_65dca7980530866472e13d2d192644fb9a9d8774
[10-Jun-2025 13:35:43 Europe/Athens] WooCommerce API Request: https://vakoufaris.com/wp-json/wc/v3/products/31722/variations?per_page=100&status=publish&consumer_key=ck_536816afd00c1ef239dffedef68342bb7ae8b6bb&consumer_secret=cs_65dca7980530866472e13d2d192644fb9a9d8774
[10-Jun-2025 13:35:44 Europe/Athens] WooCommerce API Request: https://vakoufaris.com/wp-json/wc/v3/products/31707/variations?per_page=100&status=publish&consumer_key=ck_536816afd00c1ef239dffedef68342bb7ae8b6bb&consumer_secret=cs_65dca7980530866472e13d2d192644fb9a9d8774
[10-Jun-2025 13:35:45 Europe/Athens] WooCommerce API Request: https://vakoufaris.com/wp-json/wc/v3/products/31691/variations?per_page=100&status=publish&consumer_key=ck_536816afd00c1ef239dffedef68342bb7ae8b6bb&consumer_secret=cs_65dca7980530866472e13d2d192644fb9a9d8774
[10-Jun-2025 13:35:46 Europe/Athens] WooCommerce API Request: https://vakoufaris.com/wp-json/wc/v3/products/31677/variations?per_page=100&status=publish&consumer_key=ck_536816afd00c1ef239dffedef68342bb7ae8b6bb&consumer_secret=cs_65dca7980530866472e13d2d192644fb9a9d8774
[10-Jun-2025 13:35:48 Europe/Athens] WooCommerce API Request: https://vakoufaris.com/wp-json/wc/v3/products/31666/variations?per_page=100&status=publish&consumer_key=ck_536816afd00c1ef239dffedef68342bb7ae8b6bb&consumer_secret=cs_65dca7980530866472e13d2d192644fb9a9d8774
[10-Jun-2025 13:35:49 Europe/Athens] WooCommerce API Request: https://vakoufaris.com/wp-json/wc/v3/products/31655/variations?per_page=100&status=publish&consumer_key=ck_536816afd00c1ef239dffedef68342bb7ae8b6bb&consumer_secret=cs_65dca7980530866472e13d2d192644fb9a9d8774
[10-Jun-2025 13:35:50 Europe/Athens] WooCommerce API Request: https://vakoufaris.com/wp-json/wc/v3/products/31632/variations?per_page=100&status=publish&consumer_key=ck_536816afd00c1ef239dffedef68342bb7ae8b6bb&consumer_secret=cs_65dca7980530866472e13d2d192644fb9a9d8774
[10-Jun-2025 13:35:51 Europe/Athens] WooCommerce API Request: https://vakoufaris.com/wp-json/wc/v3/products/31619/variations?per_page=100&status=publish&consumer_key=ck_536816afd00c1ef239dffedef68342bb7ae8b6bb&consumer_secret=cs_65dca7980530866472e13d2d192644fb9a9d8774
[10-Jun-2025 13:35:52 Europe/Athens] WooCommerce API Request: https://vakoufaris.com/wp-json/wc/v3/products/4598/variations?per_page=100&status=publish&consumer_key=ck_536816afd00c1ef239dffedef68342bb7ae8b6bb&consumer_secret=cs_65dca7980530866472e13d2d192644fb9a9d8774
[10-Jun-2025 13:35:53 Europe/Athens] WooCommerce API Request: https://vakoufaris.com/wp-json/wc/v3/products/8028/variations?per_page=100&status=publish&consumer_key=ck_536816afd00c1ef239dffedef68342bb7ae8b6bb&consumer_secret=cs_65dca7980530866472e13d2d192644fb9a9d8774
[10-Jun-2025 13:35:54 Europe/Athens] WooCommerce API Request: https://vakoufaris.com/wp-json/wc/v3/products/26997/variations?per_page=100&status=publish&consumer_key=ck_536816afd00c1ef239dffedef68342bb7ae8b6bb&consumer_secret=cs_65dca7980530866472e13d2d192644fb9a9d8774
[10-Jun-2025 13:35:55 Europe/Athens] WooCommerce API Request: https://vakoufaris.com/wp-json/wc/v3/products/2364/variations?per_page=100&status=publish&consumer_key=ck_536816afd00c1ef239dffedef68342bb7ae8b6bb&consumer_secret=cs_65dca7980530866472e13d2d192644fb9a9d8774
[10-Jun-2025 13:35:56 Europe/Athens] WooCommerce API Request: https://vakoufaris.com/wp-json/wc/v3/products/11402/variations?per_page=100&status=publish&consumer_key=ck_536816afd00c1ef239dffedef68342bb7ae8b6bb&consumer_secret=cs_65dca7980530866472e13d2d192644fb9a9d8774
[10-Jun-2025 13:35:57 Europe/Athens] WooCommerce API Request: https://vakoufaris.com/wp-json/wc/v3/products/26769/variations?per_page=100&status=publish&consumer_key=ck_536816afd00c1ef239dffedef68342bb7ae8b6bb&consumer_secret=cs_65dca7980530866472e13d2d192644fb9a9d8774
[10-Jun-2025 13:35:58 Europe/Athens] WooCommerce API Request: https://vakoufaris.com/wp-json/wc/v3/products/26794/variations?per_page=100&status=publish&consumer_key=ck_536816afd00c1ef239dffedef68342bb7ae8b6bb&consumer_secret=cs_65dca7980530866472e13d2d192644fb9a9d8774
[10-Jun-2025 13:35:59 Europe/Athens] WooCommerce API Request: https://vakoufaris.com/wp-json/wc/v3/products/26801/variations?per_page=100&status=publish&consumer_key=ck_536816afd00c1ef239dffedef68342bb7ae8b6bb&consumer_secret=cs_65dca7980530866472e13d2d192644fb9a9d8774
[10-Jun-2025 13:36:00 Europe/Athens] WooCommerce API Request: https://vakoufaris.com/wp-json/wc/v3/products?per_page=20&page=3&type=variable&status=publish&consumer_key=ck_536816afd00c1ef239dffedef68342bb7ae8b6bb&consumer_secret=cs_65dca7980530866472e13d2d192644fb9a9d8774
[10-Jun-2025 13:36:02 Europe/Athens] WooCommerce API Request: https://vakoufaris.com/wp-json/wc/v3/products/2773/variations?per_page=100&status=publish&consumer_key=ck_536816afd00c1ef239dffedef68342bb7ae8b6bb&consumer_secret=cs_65dca7980530866472e13d2d192644fb9a9d8774
[10-Jun-2025 13:36:03 Europe/Athens] WooCommerce API Request: https://vakoufaris.com/wp-json/wc/v3/products/26890/variations?per_page=100&status=publish&consumer_key=ck_536816afd00c1ef239dffedef68342bb7ae8b6bb&consumer_secret=cs_65dca7980530866472e13d2d192644fb9a9d8774
[10-Jun-2025 13:36:04 Europe/Athens] WooCommerce API Request: https://vakoufaris.com/wp-json/wc/v3/products/26901/variations?per_page=100&status=publish&consumer_key=ck_536816afd00c1ef239dffedef68342bb7ae8b6bb&consumer_secret=cs_65dca7980530866472e13d2d192644fb9a9d8774
[10-Jun-2025 13:36:05 Europe/Athens] WooCommerce API Request: https://vakoufaris.com/wp-json/wc/v3/products/2238/variations?per_page=100&status=publish&consumer_key=ck_536816afd00c1ef239dffedef68342bb7ae8b6bb&consumer_secret=cs_65dca7980530866472e13d2d192644fb9a9d8774
[10-Jun-2025 13:36:06 Europe/Athens] WooCommerce API Request: https://vakoufaris.com/wp-json/wc/v3/products/2340/variations?per_page=100&status=publish&consumer_key=ck_536816afd00c1ef239dffedef68342bb7ae8b6bb&consumer_secret=cs_65dca7980530866472e13d2d192644fb9a9d8774
[10-Jun-2025 13:36:07 Europe/Athens] WooCommerce API Request: https://vakoufaris.com/wp-json/wc/v3/products/2688/variations?per_page=100&status=publish&consumer_key=ck_536816afd00c1ef239dffedef68342bb7ae8b6bb&consumer_secret=cs_65dca7980530866472e13d2d192644fb9a9d8774
[10-Jun-2025 13:36:09 Europe/Athens] WooCommerce API Request: https://vakoufaris.com/wp-json/wc/v3/products/2710/variations?per_page=100&status=publish&consumer_key=ck_536816afd00c1ef239dffedef68342bb7ae8b6bb&consumer_secret=cs_65dca7980530866472e13d2d192644fb9a9d8774
[10-Jun-2025 13:36:10 Europe/Athens] WooCommerce API Request: https://vakoufaris.com/wp-json/wc/v3/products/2716/variations?per_page=100&status=publish&consumer_key=ck_536816afd00c1ef239dffedef68342bb7ae8b6bb&consumer_secret=cs_65dca7980530866472e13d2d192644fb9a9d8774
[10-Jun-2025 13:36:11 Europe/Athens] WooCommerce API Request: https://vakoufaris.com/wp-json/wc/v3/products/3027/variations?per_page=100&status=publish&consumer_key=ck_536816afd00c1ef239dffedef68342bb7ae8b6bb&consumer_secret=cs_65dca7980530866472e13d2d192644fb9a9d8774
[10-Jun-2025 13:36:12 Europe/Athens] WooCommerce API Request: https://vakoufaris.com/wp-json/wc/v3/products/3196/variations?per_page=100&status=publish&consumer_key=ck_536816afd00c1ef239dffedef68342bb7ae8b6bb&consumer_secret=cs_65dca7980530866472e13d2d192644fb9a9d8774
[10-Jun-2025 13:36:13 Europe/Athens] WooCommerce API Request: https://vakoufaris.com/wp-json/wc/v3/products/3694/variations?per_page=100&status=publish&consumer_key=ck_536816afd00c1ef239dffedef68342bb7ae8b6bb&consumer_secret=cs_65dca7980530866472e13d2d192644fb9a9d8774
[10-Jun-2025 13:36:15 Europe/Athens] WooCommerce API Request: https://vakoufaris.com/wp-json/wc/v3/products/3519/variations?per_page=100&status=publish&consumer_key=ck_536816afd00c1ef239dffedef68342bb7ae8b6bb&consumer_secret=cs_65dca7980530866472e13d2d192644fb9a9d8774
[10-Jun-2025 13:36:16 Europe/Athens] WooCommerce API Request: https://vakoufaris.com/wp-json/wc/v3/products/3524/variations?per_page=100&status=publish&consumer_key=ck_536816afd00c1ef239dffedef68342bb7ae8b6bb&consumer_secret=cs_65dca7980530866472e13d2d192644fb9a9d8774
[10-Jun-2025 13:36:17 Europe/Athens] WooCommerce API Request: https://vakoufaris.com/wp-json/wc/v3/products/3687/variations?per_page=100&status=publish&consumer_key=ck_536816afd00c1ef239dffedef68342bb7ae8b6bb&consumer_secret=cs_65dca7980530866472e13d2d192644fb9a9d8774
[10-Jun-2025 13:36:18 Europe/Athens] WooCommerce API Request: https://vakoufaris.com/wp-json/wc/v3/products/4321/variations?per_page=100&status=publish&consumer_key=ck_536816afd00c1ef239dffedef68342bb7ae8b6bb&consumer_secret=cs_65dca7980530866472e13d2d192644fb9a9d8774
[10-Jun-2025 13:36:19 Europe/Athens] WooCommerce API Request: https://vakoufaris.com/wp-json/wc/v3/products/4338/variations?per_page=100&status=publish&consumer_key=ck_536816afd00c1ef239dffedef68342bb7ae8b6bb&consumer_secret=cs_65dca7980530866472e13d2d192644fb9a9d8774
[10-Jun-2025 13:36:20 Europe/Athens] WooCommerce API Request: https://vakoufaris.com/wp-json/wc/v3/products/5064/variations?per_page=100&status=publish&consumer_key=ck_536816afd00c1ef239dffedef68342bb7ae8b6bb&consumer_secret=cs_65dca7980530866472e13d2d192644fb9a9d8774
[10-Jun-2025 13:36:21 Europe/Athens] WooCommerce API Request: https://vakoufaris.com/wp-json/wc/v3/products/5954/variations?per_page=100&status=publish&consumer_key=ck_536816afd00c1ef239dffedef68342bb7ae8b6bb&consumer_secret=cs_65dca7980530866472e13d2d192644fb9a9d8774
[10-Jun-2025 13:36:22 Europe/Athens] WooCommerce API Request: https://vakoufaris.com/wp-json/wc/v3/products/7084/variations?per_page=100&status=publish&consumer_key=ck_536816afd00c1ef239dffedef68342bb7ae8b6bb&consumer_secret=cs_65dca7980530866472e13d2d192644fb9a9d8774
[10-Jun-2025 13:36:23 Europe/Athens] WooCommerce API Request: https://vakoufaris.com/wp-json/wc/v3/products/7728/variations?per_page=100&status=publish&consumer_key=ck_536816afd00c1ef239dffedef68342bb7ae8b6bb&consumer_secret=cs_65dca7980530866472e13d2d192644fb9a9d8774
[10-Jun-2025 13:36:24 Europe/Athens] WooCommerce API Request: https://vakoufaris.com/wp-json/wc/v3/products?per_page=20&page=4&type=variable&status=publish&consumer_key=ck_536816afd00c1ef239dffedef68342bb7ae8b6bb&consumer_secret=cs_65dca7980530866472e13d2d192644fb9a9d8774
[10-Jun-2025 13:36:26 Europe/Athens] WooCommerce API Request: https://vakoufaris.com/wp-json/wc/v3/products/7728/variations?per_page=100&status=publish&consumer_key=ck_536816afd00c1ef239dffedef68342bb7ae8b6bb&consumer_secret=cs_65dca7980530866472e13d2d192644fb9a9d8774
[10-Jun-2025 13:36:27 Europe/Athens] WooCommerce API Request: https://vakoufaris.com/wp-json/wc/v3/products/7757/variations?per_page=100&status=publish&consumer_key=ck_536816afd00c1ef239dffedef68342bb7ae8b6bb&consumer_secret=cs_65dca7980530866472e13d2d192644fb9a9d8774
[10-Jun-2025 13:36:28 Europe/Athens] WooCommerce API Request: https://vakoufaris.com/wp-json/wc/v3/products/7778/variations?per_page=100&status=publish&consumer_key=ck_536816afd00c1ef239dffedef68342bb7ae8b6bb&consumer_secret=cs_65dca7980530866472e13d2d192644fb9a9d8774
[10-Jun-2025 13:36:30 Europe/Athens] WooCommerce API Request: https://vakoufaris.com/wp-json/wc/v3/products/7793/variations?per_page=100&status=publish&consumer_key=ck_536816afd00c1ef239dffedef68342bb7ae8b6bb&consumer_secret=cs_65dca7980530866472e13d2d192644fb9a9d8774
[10-Jun-2025 13:36:31 Europe/Athens] WooCommerce API Request: https://vakoufaris.com/wp-json/wc/v3/products/11007/variations?per_page=100&status=publish&consumer_key=ck_536816afd00c1ef239dffedef68342bb7ae8b6bb&consumer_secret=cs_65dca7980530866472e13d2d192644fb9a9d8774
[10-Jun-2025 13:36:32 Europe/Athens] WooCommerce API Request: https://vakoufaris.com/wp-json/wc/v3/products/26895/variations?per_page=100&status=publish&consumer_key=ck_536816afd00c1ef239dffedef68342bb7ae8b6bb&consumer_secret=cs_65dca7980530866472e13d2d192644fb9a9d8774
[10-Jun-2025 13:36:33 Europe/Athens] WooCommerce API Request: https://vakoufaris.com/wp-json/wc/v3/products/2852/variations?per_page=100&status=publish&consumer_key=ck_536816afd00c1ef239dffedef68342bb7ae8b6bb&consumer_secret=cs_65dca7980530866472e13d2d192644fb9a9d8774
[10-Jun-2025 13:36:34 Europe/Athens] WooCommerce API Request: https://vakoufaris.com/wp-json/wc/v3/products/27218/variations?per_page=100&status=publish&consumer_key=ck_536816afd00c1ef239dffedef68342bb7ae8b6bb&consumer_secret=cs_65dca7980530866472e13d2d192644fb9a9d8774
[10-Jun-2025 13:36:35 Europe/Athens] WooCommerce API Request: https://vakoufaris.com/wp-json/wc/v3/products/29663/variations?per_page=100&status=publish&consumer_key=ck_536816afd00c1ef239dffedef68342bb7ae8b6bb&consumer_secret=cs_65dca7980530866472e13d2d192644fb9a9d8774
[10-Jun-2025 13:36:36 Europe/Athens] WooCommerce API Request: https://vakoufaris.com/wp-json/wc/v3/products/3709/variations?per_page=100&status=publish&consumer_key=ck_536816afd00c1ef239dffedef68342bb7ae8b6bb&consumer_secret=cs_65dca7980530866472e13d2d192644fb9a9d8774
[10-Jun-2025 13:36:37 Europe/Athens] WooCommerce API Request: https://vakoufaris.com/wp-json/wc/v3/products/3810/variations?per_page=100&status=publish&consumer_key=ck_536816afd00c1ef239dffedef68342bb7ae8b6bb&consumer_secret=cs_65dca7980530866472e13d2d192644fb9a9d8774
[10-Jun-2025 13:36:38 Europe/Athens] WooCommerce API Request: https://vakoufaris.com/wp-json/wc/v3/products/4196/variations?per_page=100&status=publish&consumer_key=ck_536816afd00c1ef239dffedef68342bb7ae8b6bb&consumer_secret=cs_65dca7980530866472e13d2d192644fb9a9d8774
[10-Jun-2025 13:36:39 Europe/Athens] WooCommerce API Request: https://vakoufaris.com/wp-json/wc/v3/products/2268/variations?per_page=100&status=publish&consumer_key=ck_536816afd00c1ef239dffedef68342bb7ae8b6bb&consumer_secret=cs_65dca7980530866472e13d2d192644fb9a9d8774
[10-Jun-2025 13:36:41 Europe/Athens] WooCommerce API Request: https://vakoufaris.com/wp-json/wc/v3/products/3547/variations?per_page=100&status=publish&consumer_key=ck_536816afd00c1ef239dffedef68342bb7ae8b6bb&consumer_secret=cs_65dca7980530866472e13d2d192644fb9a9d8774
[10-Jun-2025 13:36:42 Europe/Athens] WooCommerce API Request: https://vakoufaris.com/wp-json/wc/v3/products/3503/variations?per_page=100&status=publish&consumer_key=ck_536816afd00c1ef239dffedef68342bb7ae8b6bb&consumer_secret=cs_65dca7980530866472e13d2d192644fb9a9d8774
[10-Jun-2025 13:36:43 Europe/Athens] WooCommerce API Request: https://vakoufaris.com/wp-json/wc/v3/products/3801/variations?per_page=100&status=publish&consumer_key=ck_536816afd00c1ef239dffedef68342bb7ae8b6bb&consumer_secret=cs_65dca7980530866472e13d2d192644fb9a9d8774
[10-Jun-2025 13:36:44 Europe/Athens] WooCommerce API Request: https://vakoufaris.com/wp-json/wc/v3/products/3915/variations?per_page=100&status=publish&consumer_key=ck_536816afd00c1ef239dffedef68342bb7ae8b6bb&consumer_secret=cs_65dca7980530866472e13d2d192644fb9a9d8774
[10-Jun-2025 13:36:45 Europe/Athens] WooCommerce API Request: https://vakoufaris.com/wp-json/wc/v3/products/7807/variations?per_page=100&status=publish&consumer_key=ck_536816afd00c1ef239dffedef68342bb7ae8b6bb&consumer_secret=cs_65dca7980530866472e13d2d192644fb9a9d8774
[10-Jun-2025 13:36:46 Europe/Athens] WooCommerce API Request: https://vakoufaris.com/wp-json/wc/v3/products/9466/variations?per_page=100&status=publish&consumer_key=ck_536816afd00c1ef239dffedef68342bb7ae8b6bb&consumer_secret=cs_65dca7980530866472e13d2d192644fb9a9d8774
[10-Jun-2025 13:36:47 Europe/Athens] WooCommerce API Request: https://vakoufaris.com/wp-json/wc/v3/products/10488/variations?per_page=100&status=publish&consumer_key=ck_536816afd00c1ef239dffedef68342bb7ae8b6bb&consumer_secret=cs_65dca7980530866472e13d2d192644fb9a9d8774
[10-Jun-2025 13:36:48 Europe/Athens] WooCommerce API Request: https://vakoufaris.com/wp-json/wc/v3/products?per_page=20&page=5&type=variable&status=publish&consumer_key=ck_536816afd00c1ef239dffedef68342bb7ae8b6bb&consumer_secret=cs_65dca7980530866472e13d2d192644fb9a9d8774
[10-Jun-2025 13:36:49 Europe/Athens] WooCommerce API Request: https://vakoufaris.com/wp-json/wc/v3/products/26650/variations?per_page=100&status=publish&consumer_key=ck_536816afd00c1ef239dffedef68342bb7ae8b6bb&consumer_secret=cs_65dca7980530866472e13d2d192644fb9a9d8774
[2025-06-10 13:36:51] [INFO] Synchronization completed in 110.61 seconds
[2025-06-10 13:36:51] [INFO] Products added: 0
[2025-06-10 13:36:51] [INFO] Products updated: 81
[2025-06-10 13:36:51] [INFO] Total products before sync: 4845
[2025-06-10 13:36:51] [INFO] Total products after sync: 4845
[2025-06-10 13:36:51] [INFO] Net products added: 0
[2025-06-10 13:36:51] [INFO] Status: success
[2025-06-10 13:36:51] [INFO] === Weekly sync completed successfully ===
[10-Jun-2025 13:36:51 Europe/Athens] PHP Warning:  Undefined array key "SERVER_NAME" in /home/vakoufaris/public_html/stock.vakoufaris.com/cron/weekly-sync.php on line 193
[2025-06-10 13:36:51] [INFO] Success notification sent to admin@example.com
